[2022-03-26T18:12:16.326] [INFO] message - {
  method: 'GET',
  url: '/',
  header: {
    host: 'localhost:4000',
    connection: 'keep-alive',
    'sec-ch-ua': '" Not A;Brand";v="99", "Chromium";v="99", "Google Chrome";v="99"',
    'sec-ch-ua-mobile': '?0',
    'sec-ch-ua-platform': '"macOS"',
    'upgrade-insecure-requests': '1',
    'user-agent': 'Mozilla/5.0 (Macintosh; Intel Mac OS X 10_15_7) AppleWebKit/537.36 (KHTML, like Gecko) Chrome/99.0.4844.83 Safari/537.36',
    accept: 'text/html,application/xhtml+xml,application/xml;q=0.9,image/avif,image/webp,image/apng,*/*;q=0.8,application/signed-exchange;v=b3;q=0.9',
    'sec-fetch-site': 'none',
    'sec-fetch-mode': 'navigate',
    'sec-fetch-user': '?1',
    'sec-fetch-dest': 'document',
    'accept-encoding': 'gzip, deflate, br',
    'accept-language': 'zh-CN,zh;q=0.9'
  }
}
[2022-03-26T18:12:24.589] [INFO] message - {
  method: 'GET',
  url: '/users',
  header: {
    host: 'localhost:4000',
    connection: 'keep-alive',
    'sec-ch-ua': '" Not A;Brand";v="99", "Chromium";v="99", "Google Chrome";v="99"',
    'sec-ch-ua-mobile': '?0',
    'sec-ch-ua-platform': '"macOS"',
    'upgrade-insecure-requests': '1',
    'user-agent': 'Mozilla/5.0 (Macintosh; Intel Mac OS X 10_15_7) AppleWebKit/537.36 (KHTML, like Gecko) Chrome/99.0.4844.83 Safari/537.36',
    accept: 'text/html,application/xhtml+xml,application/xml;q=0.9,image/avif,image/webp,image/apng,*/*;q=0.8,application/signed-exchange;v=b3;q=0.9',
    'sec-fetch-site': 'none',
    'sec-fetch-mode': 'navigate',
    'sec-fetch-user': '?1',
    'sec-fetch-dest': 'document',
    'accept-encoding': 'gzip, deflate, br',
    'accept-language': 'zh-CN,zh;q=0.9'
  }
}
[2022-03-26T18:21:36.114] [INFO] message - {
  method: 'GET',
  url: '/users',
  header: {
    'accept-language': 'zh-CN,zh;q=0.9',
    'accept-encoding': 'gzip, deflate, br',
    referer: 'http://localhost:8089/',
    'sec-fetch-dest': 'empty',
    'sec-fetch-mode': 'cors',
    'sec-fetch-site': 'cross-site',
    origin: 'http://localhost:8089',
    'sec-ch-ua-platform': '"macOS"',
    'user-agent': 'Mozilla/5.0 (Macintosh; Intel Mac OS X 10_15_7) AppleWebKit/537.36 (KHTML, like Gecko) Chrome/99.0.4844.83 Safari/537.36',
    'sec-ch-ua-mobile': '?0',
    accept: 'application/json, text/plain, */*',
    'sec-ch-ua': '" Not A;Brand";v="99", "Chromium";v="99", "Google Chrome";v="99"',
    connection: 'close',
    host: '127.0.0.1:4000'
  }
}
[2022-03-26T18:21:44.804] [INFO] message - {
  method: 'POST',
  url: '/users',
  header: {
    'accept-language': 'zh-CN,zh;q=0.9',
    'accept-encoding': 'gzip, deflate, br',
    referer: 'http://localhost:8089/',
    'sec-fetch-dest': 'empty',
    'sec-fetch-mode': 'cors',
    'sec-fetch-site': 'cross-site',
    origin: 'http://localhost:8089',
    'sec-ch-ua-platform': '"macOS"',
    'user-agent': 'Mozilla/5.0 (Macintosh; Intel Mac OS X 10_15_7) AppleWebKit/537.36 (KHTML, like Gecko) Chrome/99.0.4844.83 Safari/537.36',
    'sec-ch-ua-mobile': '?0',
    'content-type': 'application/json',
    accept: 'application/json, text/plain, */*',
    'sec-ch-ua': '" Not A;Brand";v="99", "Chromium";v="99", "Google Chrome";v="99"',
    'content-length': '30',
    connection: 'close',
    host: '127.0.0.1:4000'
  }
}
[2022-03-26T18:21:44.837] [INFO] message - {
  method: 'GET',
  url: '/users',
  header: {
    'accept-language': 'zh-CN,zh;q=0.9',
    'accept-encoding': 'gzip, deflate, br',
    referer: 'http://localhost:8089/',
    'sec-fetch-dest': 'empty',
    'sec-fetch-mode': 'cors',
    'sec-fetch-site': 'cross-site',
    origin: 'http://localhost:8089',
    'sec-ch-ua-platform': '"macOS"',
    'user-agent': 'Mozilla/5.0 (Macintosh; Intel Mac OS X 10_15_7) AppleWebKit/537.36 (KHTML, like Gecko) Chrome/99.0.4844.83 Safari/537.36',
    'sec-ch-ua-mobile': '?0',
    accept: 'application/json, text/plain, */*',
    'sec-ch-ua': '" Not A;Brand";v="99", "Chromium";v="99", "Google Chrome";v="99"',
    connection: 'close',
    host: '127.0.0.1:4000'
  }
}
[2022-03-26T18:26:39.020] [INFO] message - {
  method: 'GET',
  url: '/users',
  header: {
    'accept-language': 'zh-CN,zh;q=0.9',
    'accept-encoding': 'gzip, deflate, br',
    referer: 'http://localhost:8089/',
    'sec-fetch-dest': 'empty',
    'sec-fetch-mode': 'cors',
    'sec-fetch-site': 'cross-site',
    origin: 'http://localhost:8089',
    'sec-ch-ua-platform': '"macOS"',
    'user-agent': 'Mozilla/5.0 (Macintosh; Intel Mac OS X 10_15_7) AppleWebKit/537.36 (KHTML, like Gecko) Chrome/99.0.4844.83 Safari/537.36',
    'sec-ch-ua-mobile': '?0',
    accept: 'application/json, text/plain, */*',
    'sec-ch-ua': '" Not A;Brand";v="99", "Chromium";v="99", "Google Chrome";v="99"',
    connection: 'close',
    host: '127.0.0.1:4000'
  }
}
[2022-03-26T18:30:53.420] [INFO] message - {
  method: 'GET',
  url: '/users',
  header: {
    'accept-language': 'zh-CN,zh;q=0.9',
    'accept-encoding': 'gzip, deflate, br',
    referer: 'http://localhost:8089/',
    'sec-fetch-dest': 'empty',
    'sec-fetch-mode': 'cors',
    'sec-fetch-site': 'cross-site',
    origin: 'http://localhost:8089',
    'sec-ch-ua-platform': '"macOS"',
    'user-agent': 'Mozilla/5.0 (Macintosh; Intel Mac OS X 10_15_7) AppleWebKit/537.36 (KHTML, like Gecko) Chrome/99.0.4844.83 Safari/537.36',
    'sec-ch-ua-mobile': '?0',
    accept: 'application/json, text/plain, */*',
    'sec-ch-ua': '" Not A;Brand";v="99", "Chromium";v="99", "Google Chrome";v="99"',
    connection: 'close',
    host: '127.0.0.1:4000'
  }
}
[2022-03-26T18:30:57.515] [INFO] message - {
  method: 'DELETE',
  url: '/users/4',
  header: {
    'content-length': '0',
    'accept-language': 'zh-CN,zh;q=0.9',
    'accept-encoding': 'gzip, deflate, br',
    referer: 'http://localhost:8089/',
    'sec-fetch-dest': 'empty',
    'sec-fetch-mode': 'cors',
    'sec-fetch-site': 'cross-site',
    origin: 'http://localhost:8089',
    'sec-ch-ua-platform': '"macOS"',
    'user-agent': 'Mozilla/5.0 (Macintosh; Intel Mac OS X 10_15_7) AppleWebKit/537.36 (KHTML, like Gecko) Chrome/99.0.4844.83 Safari/537.36',
    'sec-ch-ua-mobile': '?0',
    accept: 'application/json, text/plain, */*',
    'sec-ch-ua': '" Not A;Brand";v="99", "Chromium";v="99", "Google Chrome";v="99"',
    connection: 'close',
    host: '127.0.0.1:4000'
  }
}
[2022-03-26T18:30:57.532] [INFO] message - {
  method: 'GET',
  url: '/users',
  header: {
    'accept-language': 'zh-CN,zh;q=0.9',
    'accept-encoding': 'gzip, deflate, br',
    referer: 'http://localhost:8089/',
    'sec-fetch-dest': 'empty',
    'sec-fetch-mode': 'cors',
    'sec-fetch-site': 'cross-site',
    origin: 'http://localhost:8089',
    'sec-ch-ua-platform': '"macOS"',
    'user-agent': 'Mozilla/5.0 (Macintosh; Intel Mac OS X 10_15_7) AppleWebKit/537.36 (KHTML, like Gecko) Chrome/99.0.4844.83 Safari/537.36',
    'sec-ch-ua-mobile': '?0',
    accept: 'application/json, text/plain, */*',
    'sec-ch-ua': '" Not A;Brand";v="99", "Chromium";v="99", "Google Chrome";v="99"',
    connection: 'close',
    host: '127.0.0.1:4000'
  }
}
[2022-03-26T18:30:58.842] [INFO] message - {
  method: 'GET',
  url: '/users',
  header: {
    'accept-language': 'zh-CN,zh;q=0.9',
    'accept-encoding': 'gzip, deflate, br',
    referer: 'http://localhost:8089/',
    'sec-fetch-dest': 'empty',
    'sec-fetch-mode': 'cors',
    'sec-fetch-site': 'cross-site',
    origin: 'http://localhost:8089',
    'sec-ch-ua-platform': '"macOS"',
    'user-agent': 'Mozilla/5.0 (Macintosh; Intel Mac OS X 10_15_7) AppleWebKit/537.36 (KHTML, like Gecko) Chrome/99.0.4844.83 Safari/537.36',
    'sec-ch-ua-mobile': '?0',
    accept: 'application/json, text/plain, */*',
    'sec-ch-ua': '" Not A;Brand";v="99", "Chromium";v="99", "Google Chrome";v="99"',
    connection: 'close',
    host: '127.0.0.1:4000'
  }
}
[2022-03-26T18:37:02.400] [INFO] message - {
  method: 'GET',
  url: '/users',
  header: {
    'accept-language': 'zh-CN,zh;q=0.9',
    'accept-encoding': 'gzip, deflate, br',
    referer: 'http://localhost:8089/',
    'sec-fetch-dest': 'empty',
    'sec-fetch-mode': 'cors',
    'sec-fetch-site': 'cross-site',
    origin: 'http://localhost:8089',
    'sec-ch-ua-platform': '"macOS"',
    'user-agent': 'Mozilla/5.0 (Macintosh; Intel Mac OS X 10_15_7) AppleWebKit/537.36 (KHTML, like Gecko) Chrome/99.0.4844.83 Safari/537.36',
    'sec-ch-ua-mobile': '?0',
    accept: 'application/json, text/plain, */*',
    'sec-ch-ua': '" Not A;Brand";v="99", "Chromium";v="99", "Google Chrome";v="99"',
    connection: 'close',
    host: '127.0.0.1:4000'
  }
}
[2022-03-26T18:37:03.103] [INFO] message - {
  method: 'GET',
  url: '/users',
  header: {
    'accept-language': 'zh-CN,zh;q=0.9',
    'accept-encoding': 'gzip, deflate, br',
    referer: 'http://localhost:8089/',
    'sec-fetch-dest': 'empty',
    'sec-fetch-mode': 'cors',
    'sec-fetch-site': 'cross-site',
    origin: 'http://localhost:8089',
    'sec-ch-ua-platform': '"macOS"',
    'user-agent': 'Mozilla/5.0 (Macintosh; Intel Mac OS X 10_15_7) AppleWebKit/537.36 (KHTML, like Gecko) Chrome/99.0.4844.83 Safari/537.36',
    'sec-ch-ua-mobile': '?0',
    accept: 'application/json, text/plain, */*',
    'sec-ch-ua': '" Not A;Brand";v="99", "Chromium";v="99", "Google Chrome";v="99"',
    connection: 'close',
    host: '127.0.0.1:4000'
  }
}
