[2022-03-26T18:17:09.471] [INFO] ruleFile - {
  method: 'GET',
  url: '/',
  header: {
    host: 'localhost:4001',
    connection: 'keep-alive',
    'sec-ch-ua': '" Not A;Brand";v="99", "Chromium";v="99", "Google Chrome";v="99"',
    'sec-ch-ua-mobile': '?0',
    'sec-ch-ua-platform': '"macOS"',
    'upgrade-insecure-requests': '1',
    'user-agent': 'Mozilla/5.0 (Macintosh; Intel Mac OS X 10_15_7) AppleWebKit/537.36 (KHTML, like Gecko) Chrome/99.0.4844.83 Safari/537.36',
    accept: 'text/html,application/xhtml+xml,application/xml;q=0.9,image/avif,image/webp,image/apng,*/*;q=0.8,application/signed-exchange;v=b3;q=0.9',
    'sec-fetch-site': 'none',
    'sec-fetch-mode': 'navigate',
    'sec-fetch-user': '?1',
    'sec-fetch-dest': 'document',
    'accept-encoding': 'gzip, deflate, br',
    'accept-language': 'zh-CN,zh;q=0.9'
  }
}
[2022-03-26T18:17:15.389] [INFO] ruleFile - {
  method: 'GET',
  url: '/goods',
  header: {
    host: 'localhost:4001',
    connection: 'keep-alive',
    'sec-ch-ua': '" Not A;Brand";v="99", "Chromium";v="99", "Google Chrome";v="99"',
    'sec-ch-ua-mobile': '?0',
    'sec-ch-ua-platform': '"macOS"',
    'upgrade-insecure-requests': '1',
    'user-agent': 'Mozilla/5.0 (Macintosh; Intel Mac OS X 10_15_7) AppleWebKit/537.36 (KHTML, like Gecko) Chrome/99.0.4844.83 Safari/537.36',
    accept: 'text/html,application/xhtml+xml,application/xml;q=0.9,image/avif,image/webp,image/apng,*/*;q=0.8,application/signed-exchange;v=b3;q=0.9',
    'sec-fetch-site': 'none',
    'sec-fetch-mode': 'navigate',
    'sec-fetch-user': '?1',
    'sec-fetch-dest': 'document',
    'accept-encoding': 'gzip, deflate, br',
    'accept-language': 'zh-CN,zh;q=0.9'
  }
}
